<?xml version="1.0" encoding="UTF-8"?>
<testng-results ignored="0" total="1" passed="1" failed="0" skipped="0">
  <reporter-output>
  </reporter-output>
  <suite started-at="2025-01-20T09:52:47 EST" name="Default suite" finished-at="2025-01-20T09:52:47 EST" duration-ms="49">
    <groups>
    </groups>
    <test started-at="2025-01-20T09:52:47 EST" name="Default test" finished-at="2025-01-20T09:52:47 EST" duration-ms="49">
      <class name="testScript.TestNgAnnotations">
        <test-method is-config="true" signature="beforeSuite()[pri:0, instance:testScript.TestNgAnnotations@28701274]" started-at="2025-01-20T09:52:47 EST" name="beforeSuite" finished-at="2025-01-20T09:52:47 EST" duration-ms="10" status="PASS">
          <reporter-output>
          </reporter-output>
        </test-method> <!-- beforeSuite -->
        <test-method is-config="true" signature="beforeTest()[pri:0, instance:testScript.TestNgAnnotations@28701274]" started-at="2025-01-20T09:52:47 EST" name="beforeTest" finished-at="2025-01-20T09:52:47 EST" duration-ms="0" status="PASS">
          <reporter-output>
          </reporter-output>
        </test-method> <!-- beforeTest -->
        <test-method is-config="true" signature="beforeClass()[pri:0, instance:testScript.TestNgAnnotations@28701274]" started-at="2025-01-20T09:52:47 EST" name="beforeClass" finished-at="2025-01-20T09:52:47 EST" duration-ms="0" status="PASS">
          <reporter-output>
          </reporter-output>
        </test-method> <!-- beforeClass -->
        <test-method is-config="true" signature="before()[pri:0, instance:testScript.TestNgAnnotations@28701274]" started-at="2025-01-20T09:52:47 EST" name="before" finished-at="2025-01-20T09:52:47 EST" duration-ms="0" status="PASS">
          <reporter-output>
          </reporter-output>
        </test-method> <!-- before -->
        <test-method signature="testCase1()[pri:0, instance:testScript.TestNgAnnotations@28701274]" started-at="2025-01-20T09:52:47 EST" name="testCase1" finished-at="2025-01-20T09:52:47 EST" duration-ms="9" status="PASS">
          <reporter-output>
          </reporter-output>
        </test-method> <!-- testCase1 -->
        <test-method is-config="true" signature="after()[pri:0, instance:testScript.TestNgAnnotations@28701274]" started-at="2025-01-20T09:52:47 EST" name="after" finished-at="2025-01-20T09:52:47 EST" duration-ms="0" status="PASS">
          <reporter-output>
          </reporter-output>
        </test-method> <!-- after -->
        <test-method is-config="true" signature="afterClass()[pri:0, instance:testScript.TestNgAnnotations@28701274]" started-at="2025-01-20T09:52:47 EST" name="afterClass" finished-at="2025-01-20T09:52:47 EST" duration-ms="1" status="PASS">
          <reporter-output>
          </reporter-output>
        </test-method> <!-- afterClass -->
        <test-method is-config="true" signature="afterText()[pri:0, instance:testScript.TestNgAnnotations@28701274]" started-at="2025-01-20T09:52:47 EST" name="afterText" finished-at="2025-01-20T09:52:47 EST" duration-ms="0" status="PASS">
          <reporter-output>
          </reporter-output>
        </test-method> <!-- afterText -->
        <test-method is-config="true" signature="afterSuite()[pri:0, instance:testScript.TestNgAnnotations@28701274]" started-at="2025-01-20T09:52:47 EST" name="afterSuite" finished-at="2025-01-20T09:52:47 EST" duration-ms="1" status="PASS">
          <reporter-output>
          </reporter-output>
        </test-method> <!-- afterSuite -->
      </class> <!-- testScript.TestNgAnnotations -->
    </test> <!-- Default test -->
  </suite> <!-- Default suite -->
</testng-results>
