<?xml version="1.0" encoding="UTF-8"?>
<!-- Generated by org.testng.reporters.JUnitXMLReporter -->
<testsuite ignored="1" hostname="Diya" failures="0" tests="1" name="Test" time="16.843" errors="0" timestamp="2025-02-07T01:15:29 EST">
  <testcase classname="testScript.CategoryTest" name="addNewCategoryOnListCategories" time="11.729"/>
  <testcase classname="testScript.CategoryTest" name="checkSearchOptionIsWorking" time="0.0">
    <ignored/>
  </testcase> <!-- checkSearchOptionIsWorking -->
</testsuite> <!-- Test -->
