<?xml version="1.0" encoding="UTF-8"?>
<testng-results ignored="1" total="2" passed="1" failed="0" skipped="0">
  <reporter-output>
  </reporter-output>
  <suite started-at="2025-02-07T01:15:12 EST" name="Suite" finished-at="2025-02-07T01:15:29 EST" duration-ms="16843">
    <groups>
    </groups>
    <test started-at="2025-02-07T01:15:12 EST" name="Test" finished-at="2025-02-07T01:15:29 EST" duration-ms="16843">
      <class name="testScript.CategoryTest">
        <test-method is-config="true" signature="initializeBrowser(java.lang.String)[pri:0, instance:testScript.CategoryTest@333291e3]" started-at="2025-02-07T01:15:12 EST" name="initializeBrowser" finished-at="2025-02-07T01:15:17 EST" duration-ms="4626" status="PASS">
          <params>
            <param index="0">
              <value>
                <![CDATA[Chrome]]>
              </value>
            </param>
          </params>
          <reporter-output>
          </reporter-output>
        </test-method> <!-- initializeBrowser -->
        <test-method signature="addNewCategoryOnListCategories()[pri:0, instance:testScript.CategoryTest@333291e3]" started-at="2025-02-07T01:15:17 EST" name="addNewCategoryOnListCategories" description="Adding new Category" finished-at="2025-02-07T01:15:29 EST" duration-ms="11729" status="PASS">
          <reporter-output>
          </reporter-output>
        </test-method> <!-- addNewCategoryOnListCategories -->
        <test-method is-config="true" signature="driverCloseAndQuit(org.testng.ITestResult)[pri:0, instance:testScript.CategoryTest@333291e3]" started-at="2025-02-07T01:15:29 EST" name="driverCloseAndQuit" finished-at="2025-02-07T01:15:29 EST" duration-ms="444" status="PASS">
          <params>
            <param index="0">
              <value>
                <![CDATA[[TestResult name=addNewCategoryOnListCategories status=SUCCESS method=CategoryTest.addNewCategoryOnListCategories()[pri:0, instance:testScript.CategoryTest@333291e3] output={null}]]]>
              </value>
            </param>
          </params>
          <reporter-output>
          </reporter-output>
        </test-method> <!-- driverCloseAndQuit -->
      </class> <!-- testScript.CategoryTest -->
    </test> <!-- Test -->
  </suite> <!-- Suite -->
</testng-results>
